<?xml version="1.0" encoding="UTF-8"?>
<!-- Generated by org.testng.reporters.JUnitReportReporter -->
<testsuite skipped="0" hostname="MEHMETBAYTEKIN" name="testSuites.hepsiBuradaSuite" tests="1" failures="0" timestamp="2020-11-29T18:54:07 EET" time="46.228" errors="0">
  <testcase name="UrunYorumTest" time="46.228" classname="testSuites.hepsiBuradaSuite"/>
  <system-out>
UrunYorumTest isimli Test Baslatiliyor UrunYorumTest isimli Test Basarili  </system-out>
</testsuite> <!-- testSuites.hepsiBuradaSuite -->
